 
 TRNSHD Version 1.0.184
 
 Integrated 2D clipping routine: GPC general polygon clipper library Version 2.2
 3 from Alan Murta, University of Manchester,UK
 
 Concave clipping activated
 
*** Notice at time        :         0.000000
    Generated by Unit     : Not applicable or not available
    Generated by Type     : Not applicable or not available
    TRNSHD Message      2 : Successfully opened shading log file.
    Reported information  : Not available
 
*** Notice at time        :         0.000000
    Generated by Unit     : Not applicable or not available
    Generated by Type     : Not applicable or not available
    TRNSHD Message     18 : Shading mask calculation is switched ON.
    Reported information  : Not available
 
 *** Notice at time        :         0.000000
 Orientation of wall   SURF=   1: azimuth angle= 232.45°, slope=  29.47°
 Orientation of wall   SURF=   2: azimuth angle=  52.45°, slope=  29.42°
 Orientation of wall   SURF=   3: azimuth angle=   0.00°, slope=   0.00°
 Orientation of wall   SURF=   5: azimuth angle= 322.45°, slope=  90.00°
 Orientation of wall   SURF=   6: azimuth angle= 142.45°, slope=  90.00°
 Orientation of wall   SURF=  35: azimuth angle= 232.45°, slope=  35.44°
 Orientation of wall   SURF=  36: azimuth angle=  52.45°, slope=  35.44°
 Orientation of wall   SURF=  37: azimuth angle=  52.45°, slope=  29.42°
 Orientation of wall   SURF=  38: azimuth angle= 232.45°, slope=  29.47°
 Orientation of wall   SURF=  42: azimuth angle= 142.45°, slope=  90.00°
 Orientation of wall   SURF=  43: azimuth angle= 322.45°, slope=  90.00°
 Orientation of wall   SURF=  44: azimuth angle= 142.45°, slope=  90.00°
 Orientation of wall   SURF=  45: azimuth angle= 322.45°, slope=  90.00°
 Orientation of wall   SURF=  46: azimuth angle= 142.45°, slope=  90.00°
 Orientation of wall   SURF=  47: azimuth angle= 142.45°, slope=  90.00°
 Orientation of wall   SURF=  48: azimuth angle= 322.45°, slope=  90.00°
 Orientation of wall   SURF=  49: azimuth angle= 322.45°, slope=  90.00°
 Orientation of window SURF=  53: azimuth angle= 322.45°, slope=  90.00°
 Orientation of window SURF=  54: azimuth angle= 322.45°, slope=  90.00°
 Orientation of window SURF=  55: azimuth angle= 322.45°, slope=  90.00°
 Orientation of wall   SURF=  50: azimuth angle= 322.45°, slope=  90.00°
 Orientation of wall   SURF=  51: azimuth angle= 142.45°, slope=  90.00°
 Orientation of window SURF=  52: azimuth angle= 142.45°, slope=  90.00°
 Orientation of wall   SURF=  57: azimuth angle=   0.00°, slope= 180.00°
 Orientation of wall   SURF=  60: azimuth angle= 142.45°, slope=  90.00°
 Orientation of wall   SURF=  61: azimuth angle= 322.45°, slope=  90.00°
 Orientation of wall   SURF=  62: azimuth angle= 142.45°, slope=  90.00°
 Orientation of wall   SURF=  63: azimuth angle= 322.45°, slope=  90.00°
 Orientation of wall   SURF=  64: azimuth angle= 142.45°, slope=  90.00°
 Orientation of wall   SURF=  65: azimuth angle= 142.45°, slope=  90.00°
 Orientation of wall   SURF=  66: azimuth angle= 322.45°, slope=  90.00°
 Orientation of wall   SURF=  67: azimuth angle= 322.45°, slope=  90.00°
 Orientation of wall   SURF=  68: azimuth angle= 322.45°, slope=  90.00°
 Orientation of wall   SURF=  69: azimuth angle= 142.45°, slope=  90.00°
 Orientation of window SURF=  70: azimuth angle= 142.45°, slope=  90.00°
 Orientation of wall   SURF=   7: azimuth angle= 232.45°, slope=  13.40°
 Orientation of wall   SURF=   8: azimuth angle=  52.45°, slope= 180.00°
 Orientation of wall   SURF=  11: azimuth angle= 142.45°, slope=  90.00°
 Orientation of wall   SURF=  12: azimuth angle= 322.45°, slope=  90.00°
 Orientation of wall   SURF=  13: azimuth angle= 232.45°, slope=  90.00°
 Orientation of window SURF=  14: azimuth angle= 232.45°, slope=  90.00°
 Orientation of window SURF=  15: azimuth angle= 232.45°, slope=  90.00°
 Orientation of window SURF=  16: azimuth angle= 232.45°, slope=  90.00°
 Orientation of window SURF=  17: azimuth angle= 232.45°, slope=  90.00°
 Orientation of window SURF=  18: azimuth angle= 232.45°, slope=  90.00°
 Orientation of window SURF=  19: azimuth angle= 232.45°, slope=  90.00°
 Orientation of window SURF=  20: azimuth angle= 232.45°, slope=  90.00°
 Orientation of wall   SURF=  21: azimuth angle=  52.45°, slope=  13.40°
 Orientation of wall   SURF=  22: azimuth angle= 232.45°, slope= 180.00°
 Orientation of wall   SURF=  25: azimuth angle= 142.45°, slope=  90.00°
 Orientation of wall   SURF=  26: azimuth angle=  52.45°, slope=  90.00°
 Orientation of window SURF=  28: azimuth angle=  52.45°, slope=  90.00°
 Orientation of window SURF=  29: azimuth angle=  52.45°, slope=  90.00°
 Orientation of window SURF=  30: azimuth angle=  52.45°, slope=  90.00°
 Orientation of window SURF=  31: azimuth angle=  52.45°, slope=  90.00°
 Orientation of window SURF=  32: azimuth angle=  52.45°, slope=  90.00°
 Orientation of window SURF=  33: azimuth angle=  52.45°, slope=  90.00°
 Orientation of window SURF=  34: azimuth angle=  52.45°, slope=  90.00°
 Orientation of wall   SURF=  27: azimuth angle= 322.45°, slope=  90.00°
 Orientation of wall   SURF=  40: azimuth angle= 232.45°, slope=  90.00°
 Orientation of wall   SURF=  41: azimuth angle=  52.45°, slope=  90.00°
 Orientation of wall   SURF=  58: azimuth angle= 232.45°, slope=  90.00°
 Orientation of wall   SURF=  59: azimuth angle=  52.45°, slope=  90.00°
 Orientation of wall   SURF=   9: azimuth angle=  52.45°, slope=  90.00°
 Orientation of wall   SURF=  10: azimuth angle=  52.45°, slope=  90.00°
 Orientation of wall   SURF=  23: azimuth angle= 232.45°, slope=  90.00°
 Orientation of wall   SURF=  24: azimuth angle= 232.45°, slope=  90.00°
 
 Processing external WALL SURF=  49 at time   1
 Processing external WALL SURF=  51 at time   1
 Processing external WALL SURF=  69 at time   1
 Processing external WALL SURF=  13 at time   1
 Processing external WALL SURF=  26 at time   1
 
*** Notice at time        :         0.000000
    Generated by Unit     : Not applicable or not available
    Generated by Type     : Not applicable or not available
    TRNSHD Message     13 : Successfully completed shading analysis.
    Reported information  : Not available
 
 No window is shaded. Therefore no shading matrix file *.SHM is written!
 
 Writing insolation surface matrix file:
 c:\Users\vhoang\Desktop\LizardSurfTemp\TRNLizard_Files\Multizones_model\Model\B
 IGGER_MODEL\BIGGER_MODEL_001.ism
